============================= test session starts ==============================
platform linux -- Python 3.10.12, pytest-8.4.2, pluggy-1.6.0
rootdir: /home/aarav/unified-dashboard
configfile: pytest.ini
testpaths: tests
plugins: anyio-4.11.0, dash-3.2.0, asyncio-1.2.0, base-url-2.1.0, playwright-0.7.1, timeout-2.4.0
asyncio: mode=strict, debug=False, asyncio_default_fixture_loop_scope=None, asyncio_default_test_loop_scope=function
collected 105 items / 1 error

==================================== ERRORS ====================================
_______________ ERROR collecting tests/test_button_callbacks.py ________________
/mnt/c/Aarav/fin_env/.venv_local/lib/python3.10/site-packages/urllib3/connection.py:174: in _new_conn
    conn = connection.create_connection(
/mnt/c/Aarav/fin_env/.venv_local/lib/python3.10/site-packages/urllib3/util/connection.py:95: in create_connection
    raise err
/mnt/c/Aarav/fin_env/.venv_local/lib/python3.10/site-packages/urllib3/util/connection.py:85: in create_connection
    sock.connect(sa)
E   ConnectionRefusedError: [Errno 111] Connection refused

During handling of the above exception, another exception occurred:
/mnt/c/Aarav/fin_env/.venv_local/lib/python3.10/site-packages/urllib3/connectionpool.py:716: in urlopen
    httplib_response = self._make_request(
/mnt/c/Aarav/fin_env/.venv_local/lib/python3.10/site-packages/urllib3/connectionpool.py:416: in _make_request
    conn.request(method, url, **httplib_request_kw)
/mnt/c/Aarav/fin_env/.venv_local/lib/python3.10/site-packages/urllib3/connection.py:244: in request
    super(HTTPConnection, self).request(method, url, body=body, headers=headers)
/usr/lib/python3.10/http/client.py:1283: in request
    self._send_request(method, url, body, headers, encode_chunked)
/usr/lib/python3.10/http/client.py:1329: in _send_request
    self.endheaders(body, encode_chunked=encode_chunked)
/usr/lib/python3.10/http/client.py:1278: in endheaders
    self._send_output(message_body, encode_chunked=encode_chunked)
/usr/lib/python3.10/http/client.py:1038: in _send_output
    self.send(msg)
/usr/lib/python3.10/http/client.py:976: in send
    self.connect()
/mnt/c/Aarav/fin_env/.venv_local/lib/python3.10/site-packages/urllib3/connection.py:205: in connect
    conn = self._new_conn()
/mnt/c/Aarav/fin_env/.venv_local/lib/python3.10/site-packages/urllib3/connection.py:186: in _new_conn
    raise NewConnectionError(
E   urllib3.exceptions.NewConnectionError: <urllib3.connection.HTTPConnection object at 0x77d4b030c7c0>: Failed to establish a new connection: [Errno 111] Connection refused

During handling of the above exception, another exception occurred:
/mnt/c/Aarav/fin_env/.venv_local/lib/python3.10/site-packages/requests/adapters.py:644: in send
    resp = conn.urlopen(
/mnt/c/Aarav/fin_env/.venv_local/lib/python3.10/site-packages/urllib3/connectionpool.py:802: in urlopen
    retries = retries.increment(
/mnt/c/Aarav/fin_env/.venv_local/lib/python3.10/site-packages/urllib3/util/retry.py:594: in increment
    raise MaxRetryError(_pool, url, error or ResponseError(cause))
E   urllib3.exceptions.MaxRetryError: HTTPConnectionPool(host='localhost', port=8050): Max retries exceeded with url: / (Caused by NewConnectionError('<urllib3.connection.HTTPConnection object at 0x77d4b030c7c0>: Failed to establish a new connection: [Errno 111] Connection refused'))

During handling of the above exception, another exception occurred:
tests/test_button_callbacks.py:8: in <module>
    response = requests.get('http://localhost:8050/')
/mnt/c/Aarav/fin_env/.venv_local/lib/python3.10/site-packages/requests/api.py:73: in get
    return request("get", url, params=params, **kwargs)
/mnt/c/Aarav/fin_env/.venv_local/lib/python3.10/site-packages/requests/api.py:59: in request
    return session.request(method=method, url=url, **kwargs)
/mnt/c/Aarav/fin_env/.venv_local/lib/python3.10/site-packages/requests/sessions.py:589: in request
    resp = self.send(prep, **send_kwargs)
/mnt/c/Aarav/fin_env/.venv_local/lib/python3.10/site-packages/requests/sessions.py:703: in send
    r = adapter.send(request, **kwargs)
/mnt/c/Aarav/fin_env/.venv_local/lib/python3.10/site-packages/requests/adapters.py:677: in send
    raise ConnectionError(e, request=request)
E   requests.exceptions.ConnectionError: HTTPConnectionPool(host='localhost', port=8050): Max retries exceeded with url: / (Caused by NewConnectionError('<urllib3.connection.HTTPConnection object at 0x77d4b030c7c0>: Failed to establish a new connection: [Errno 111] Connection refused'))
=============================== warnings summary ===============================
tests/phase8/test_perf_snapshot.py:138
  /home/aarav/unified-dashboard/tests/phase8/test_perf_snapshot.py:138: PytestUnknownMarkWarning: Unknown pytest.mark.slow - is this a typo?  You can register custom marks to avoid this warning - for details, see https://docs.pytest.org/en/stable/how-to/mark.html
    @pytest.mark.slow

tests/phase8/test_perf_snapshot.py:208
  /home/aarav/unified-dashboard/tests/phase8/test_perf_snapshot.py:208: PytestUnknownMarkWarning: Unknown pytest.mark.slow - is this a typo?  You can register custom marks to avoid this warning - for details, see https://docs.pytest.org/en/stable/how-to/mark.html
    @pytest.mark.slow

-- Docs: https://docs.pytest.org/en/stable/how-to/capture-warnings.html
=========================== short test summary info ============================
ERROR tests/test_button_callbacks.py - requests.exceptions.ConnectionError: H...
!!!!!!!!!!!!!!!!!!!!!!!!!! stopping after 1 failures !!!!!!!!!!!!!!!!!!!!!!!!!!!
======================== 2 warnings, 1 error in 18.61s =========================
pytest_exit:0
