============================= test session starts ==============================
platform linux -- Python 3.10.12, pytest-8.4.2, pluggy-1.6.0
rootdir: /home/aarav/unified-dashboard
configfile: pytest.ini
plugins: anyio-4.11.0, dash-3.2.0, hypothesis-6.148.2, asyncio-1.2.0, base-url-2.1.0, playwright-0.7.1, timeout-2.4.0
asyncio: mode=strict, debug=False, asyncio_default_fixture_loop_scope=None, asyncio_default_test_loop_scope=function
collected 0 items / 1 error

==================================== ERRORS ====================================
___________ ERROR collecting tests/test_market_forecast_property.py ____________
ImportError while importing test module '/home/aarav/unified-dashboard/tests/test_market_forecast_property.py'.
Hint: make sure your test modules/packages have valid Python names.
Traceback:
/usr/lib/python3.10/importlib/__init__.py:126: in import_module
    return _bootstrap._gcd_import(name[level:], package, level)
tests/test_market_forecast_property.py:13: in <module>
    from services.forecast_adapter import run_predict, validate_forecast_response
E   ImportError: cannot import name 'run_predict' from 'services.forecast_adapter' (/home/aarav/unified-dashboard/services/forecast_adapter.py)
=========================== short test summary info ============================
ERROR tests/test_market_forecast_property.py
!!!!!!!!!!!!!!!!!!!! Interrupted: 1 error during collection !!!!!!!!!!!!!!!!!!!!
============================== 1 error in 10.59s ===============================
