============================= test session starts ==============================
platform linux -- Python 3.10.12, pytest-8.4.2, pluggy-1.6.0
rootdir: /home/aarav/unified-dashboard
configfile: pytest.ini
plugins: anyio-4.11.0, dash-3.2.0, hypothesis-6.148.2, asyncio-1.2.0, base-url-2.1.0, playwright-0.7.1, timeout-2.4.0
asyncio: mode=strict, debug=False, asyncio_default_fixture_loop_scope=None, asyncio_default_test_loop_scope=function
collected 1 item

tests/test_market_trends_fixes.py::TestMarketTrendsButtons::test_03_button_reload_model 
-------------------------------- live log setup --------------------------------
INFO     utils.load_env:load_env.py:101 ✅ Loaded dotenv from /home/aarav/unified-dashboard/keys.env
INFO     utils.load_env:load_env.py:101 ✅ Loaded dotenv from /home/aarav/unified-dashboard/doppler.env
INFO     utils.load_env:load_env.py:101 ✅ Loaded dotenv from /home/aarav/unified-dashboard/.env
ERROR    utils.load_env:load_env.py:157 ❌ Missing required API keys: ['NEWSAPI_KEY']
FAILED                                                                   [100%]

=================================== FAILURES ===================================
_____________ TestMarketTrendsButtons.test_03_button_reload_model ______________
tests/test_market_trends_fixes.py:134: in test_03_button_reload_model
    expect(model_status).to_be_visible()
E   AssertionError: Locator expected to be visible
E   Actual value: False 
E   Call log:
E   LocatorAssertions.to_be_visible with timeout 5000ms
E   waiting for locator("#model-status")
E     locator resolved to <div id="model-status"></div>
E     unexpected value "hidden"
E     locator resolved to <div id="model-status"></div>
E     unexpected value "hidden"
E     locator resolved to <div id="model-status"></div>
E     unexpected value "hidden"
E     locator resolved to <div id="model-status"></div>
E     unexpected value "hidden"
E     locator resolved to <div id="model-status"></div>
E     unexpected value "hidden"
E     locator resolved to <div id="model-status"></div>
E     unexpected value "hidden"
E     locator resolved to <div id="model-status"></div>
E     unexpected value "hidden"
E     locator resolved to <div id="model-status"></div>
E     unexpected value "hidden"
E     locator resolved to <div id="model-status"></div>
E     unexpected value "hidden"
---------------------------- Captured stdout setup -----------------------------

[conftest] Environment loaded: 4 keys present
[conftest] Missing keys: ['NEWSAPI_KEY']
------------------------------ Captured log setup ------------------------------
INFO     utils.load_env:load_env.py:101 ✅ Loaded dotenv from /home/aarav/unified-dashboard/keys.env
INFO     utils.load_env:load_env.py:101 ✅ Loaded dotenv from /home/aarav/unified-dashboard/doppler.env
INFO     utils.load_env:load_env.py:101 ✅ Loaded dotenv from /home/aarav/unified-dashboard/.env
ERROR    utils.load_env:load_env.py:157 ❌ Missing required API keys: ['NEWSAPI_KEY']
=========================== short test summary info ============================
FAILED tests/test_market_trends_fixes.py::TestMarketTrendsButtons::test_03_button_reload_model
!!!!!!!!!!!!!!!!!!!!!!!!!! stopping after 1 failures !!!!!!!!!!!!!!!!!!!!!!!!!!!
============================== 1 failed in 33.97s ==============================
