============================= test session starts ==============================
platform linux -- Python 3.10.12, pytest-8.4.2, pluggy-1.6.0 -- /mnt/c/Aarav/fin_env/.venv_local/bin/python
cachedir: .pytest_cache
hypothesis profile 'default'
rootdir: /home/aarav/unified-dashboard
configfile: pytest.ini
plugins: anyio-4.11.0, dash-3.2.0, hypothesis-6.148.2, asyncio-1.2.0, base-url-2.1.0, playwright-0.7.1, timeout-2.4.0
asyncio: mode=strict, debug=False, asyncio_default_fixture_loop_scope=None, asyncio_default_test_loop_scope=function
collecting ... collected 11 items

tests/test_market_trends_fixes.py::TestMarketTrendsButtons::test_01_dashboard_loads 
-------------------------------- live log setup --------------------------------
INFO     utils.load_env:load_env.py:101 ✅ Loaded dotenv from /home/aarav/unified-dashboard/keys.env
INFO     utils.load_env:load_env.py:101 ✅ Loaded dotenv from /home/aarav/unified-dashboard/doppler.env
INFO     utils.load_env:load_env.py:101 ✅ Loaded dotenv from /home/aarav/unified-dashboard/.env
INFO     utils.load_env:load_env.py:162 ✅ All 5 required keys present
PASSED                                                                   [  9%]
tests/test_market_trends_fixes.py::TestMarketTrendsButtons::test_02_navigate_to_market_trends PASSED [ 18%]
tests/test_market_trends_fixes.py::TestMarketTrendsButtons::test_03_button_reload_model FAILED [ 27%]
tests/test_market_trends_fixes.py::TestMarketTrendsButtons::test_04_button_refresh_cached PASSED [ 36%]
tests/test_market_trends_fixes.py::TestMarketTrendsButtons::test_05_button_toggle_brief PASSED [ 45%]
tests/test_market_trends_fixes.py::TestMarketTrendsButtons::test_06_button_download_csv FAILED [ 54%]
tests/test_market_trends_fixes.py::TestMarketTrendsButtons::test_07_button_backtest FAILED [ 63%]
tests/test_market_trends_fixes.py::TestMarketTrendsButtons::test_08_button_debug_logs FAILED [ 72%]
tests/test_market_trends_fixes.py::TestMarketTrendsTableDisplay::test_table_has_required_columns PASSED [ 81%]
tests/test_market_trends_fixes.py::TestNewsAutoRefresh::test_news_panel_visible PASSED [ 90%]
tests/test_market_trends_fixes.py::TestPerformanceMetrics::test_tab_load_time PASSED [100%]

=================================== FAILURES ===================================
_____________ TestMarketTrendsButtons.test_03_button_reload_model ______________
tests/test_market_trends_fixes.py:133: in test_03_button_reload_model
    page.wait_for_function("() => { const el = document.querySelector('#mt-model-status'); return el && el.innerText && el.innerText.trim().length > 0;}", timeout=7000)
/mnt/c/Aarav/fin_env/.venv_local/lib/python3.10/site-packages/playwright/sync_api/_generated.py:11912: in wait_for_function
    self._sync(
/mnt/c/Aarav/fin_env/.venv_local/lib/python3.10/site-packages/playwright/_impl/_page.py:950: in wait_for_function
    return await self._main_frame.wait_for_function(**locals_to_params(locals()))
/mnt/c/Aarav/fin_env/.venv_local/lib/python3.10/site-packages/playwright/_impl/_frame.py:772: in wait_for_function
    return from_channel(await self._channel.send("waitForFunction", params))
/mnt/c/Aarav/fin_env/.venv_local/lib/python3.10/site-packages/playwright/_impl/_connection.py:61: in send
    return await self._connection.wrap_api_call(
/mnt/c/Aarav/fin_env/.venv_local/lib/python3.10/site-packages/playwright/_impl/_connection.py:482: in wrap_api_call
    return await cb()
/mnt/c/Aarav/fin_env/.venv_local/lib/python3.10/site-packages/playwright/_impl/_connection.py:97: in inner_send
    result = next(iter(done)).result()
E   playwright._impl._api_types.TimeoutError: Timeout 7000ms exceeded.
_____________ TestMarketTrendsButtons.test_06_button_download_csv ______________
tests/test_market_trends_fixes.py:197: in test_06_button_download_csv
    with page.expect_download(timeout=5000) as download_info:
/mnt/c/Aarav/fin_env/.venv_local/lib/python3.10/site-packages/playwright/_impl/_sync_base.py:79: in __exit__
    self._event.value
/mnt/c/Aarav/fin_env/.venv_local/lib/python3.10/site-packages/playwright/_impl/_sync_base.py:59: in value
    raise exception
E   playwright._impl._api_types.TimeoutError: Timeout 5000ms exceeded while waiting for event "download"
E   =========================== logs ===========================
E   waiting for event "download"
E   ============================================================
_______________ TestMarketTrendsButtons.test_07_button_backtest ________________
tests/test_market_trends_fixes.py:237: in test_07_button_backtest
    expect(backtest_modal).to_be_visible()
E   AssertionError: Locator expected to be visible
E   Actual value: False 
E   Call log:
E   LocatorAssertions.to_be_visible with timeout 5000ms
E   waiting for locator("#backtest-modal")
E     locator resolved to <div id="backtest-modal">…</div>
E     unexpected value "hidden"
E     locator resolved to <div id="backtest-modal">…</div>
E     unexpected value "hidden"
E     locator resolved to <div id="backtest-modal">…</div>
E     unexpected value "hidden"
E     locator resolved to <div id="backtest-modal">…</div>
E     unexpected value "hidden"
E     locator resolved to <div id="backtest-modal">…</div>
E     unexpected value "hidden"
E     locator resolved to <div id="backtest-modal">…</div>
E     unexpected value "hidden"
E     locator resolved to <div id="backtest-modal">…</div>
E     unexpected value "hidden"
E     locator resolved to <div id="backtest-modal">…</div>
E     unexpected value "hidden"
E     locator resolved to <div id="backtest-modal">…</div>
E     unexpected value "hidden"
______________ TestMarketTrendsButtons.test_08_button_debug_logs _______________
tests/test_market_trends_fixes.py:255: in test_08_button_debug_logs
    expect(debug_btn).to_be_visible()
E   AssertionError: Locator expected to be visible
E   Actual value: None 
E   Call log:
E   LocatorAssertions.to_be_visible with timeout 5000ms
E   waiting for locator("#debug-logs-btn")
=========================== short test summary info ============================
FAILED tests/test_market_trends_fixes.py::TestMarketTrendsButtons::test_03_button_reload_model - playwright._impl._api_types.TimeoutError: Timeout 7000ms exceeded.
FAILED tests/test_market_trends_fixes.py::TestMarketTrendsButtons::test_06_button_download_csv - playwright._impl._api_types.TimeoutError: Timeout 5000ms exceeded while waiting for event "download"
=========================== logs ===========================
waiting for event "download"
============================================================
FAILED tests/test_market_trends_fixes.py::TestMarketTrendsButtons::test_07_button_backtest - AssertionError: Locator expected to be visible
Actual value: False 
Call log:
LocatorAssertions.to_be_visible with timeout 5000ms
waiting for locator("#backtest-modal")
  locator resolved to <div id="backtest-modal">…</div>
  unexpected value "hidden"
  locator resolved to <div id="backtest-modal">…</div>
  unexpected value "hidden"
  locator resolved to <div id="backtest-modal">…</div>
  unexpected value "hidden"
  locator resolved to <div id="backtest-modal">…</div>
  unexpected value "hidden"
  locator resolved to <div id="backtest-modal">…</div>
  unexpected value "hidden"
  locator resolved to <div id="backtest-modal">…</div>
  unexpected value "hidden"
  locator resolved to <div id="backtest-modal">…</div>
  unexpected value "hidden"
  locator resolved to <div id="backtest-modal">…</div>
  unexpected value "hidden"
  locator resolved to <div id="backtest-modal">…</div>
  unexpected value "hidden"
FAILED tests/test_market_trends_fixes.py::TestMarketTrendsButtons::test_08_button_debug_logs - AssertionError: Locator expected to be visible
Actual value: None 
Call log:
LocatorAssertions.to_be_visible with timeout 5000ms
waiting for locator("#debug-logs-btn")
=================== 4 failed, 7 passed in 140.20s (0:02:20) ====================
